[2025-09-14 22:20:48] [[33mWARNING[0m]: è¯»å–ç­¾åæ–‡ä»¶å¤±è´¥: open sig.bin: The system cannot find the file specified.
[2025-09-14 22:20:48] [[32mINFO[0m]: å°è¯•ä½¿ç”¨ å¿«é€Ÿç™»å½• ç™»å½•
[2025-09-14 22:20:48] [[33mWARNING[0m]: ç¬¬ 1 æ¬¡å°è¯•å¤±è´¥: no login cacheï¼Œ3s åé‡è¯•
[2025-09-14 22:20:51] [[33mWARNING[0m]: ç¬¬ 2 æ¬¡å°è¯•å¤±è´¥: no login cacheï¼Œ3s åé‡è¯•
[2025-09-14 22:20:54] [[33mWARNING[0m]: ä½¿ç”¨ å¿«é€Ÿç™»å½• ç™»å½•å¤±è´¥: no login cache
[2025-09-14 22:20:54] [[32mINFO[0m]: å°è¯•ä½¿ç”¨ äºŒç»´ç ç™»å½• ç™»å½•
[2025-09-14 22:20:54] [[32mINFO[0m]: Lgr -> connect to server: 198.18.0.20:8080
[2025-09-14 22:21:10] [[33mWARNING[0m]: ç¬¬ 1 æ¬¡å°è¯•å¤±è´¥: Canceledï¼Œ3s åé‡è¯•
[2025-09-14 22:21:13] [[32mINFO[0m]: Lgr -> connect to server: 198.18.0.20:8080
[2025-09-14 22:21:24] [[32mINFO[0m]: ä½¿ç”¨ äºŒç»´ç ç™»å½• ç™»å½•æˆåŠŸ
[2025-09-14 22:21:24] [[32mINFO[0m]: è¿æ¥å·²å»ºç«‹
[2025-09-14 22:21:24] [[32mINFO[0m]: è‡ªå®šä¹‰é€»è¾‘æ³¨å†Œå®Œæˆ
[2025-09-14 22:22:14] [[31mERROR[0m]: Lgr -> [client.(*QQClient).unexpectedDisconnect] unexpected disconnect: read tcp 198.18.0.1:11796->198.18.0.20:8080: wsarecv: An established connection was aborted by the software in your host machine.
[2025-09-14 22:22:14] [[32mINFO[0m]: Lgr -> connect to server: 198.18.0.20:8080
[2025-09-14 22:22:35] [[31mERROR[0m]: Lgr -> [client.(*QQClient).connect] connect server error: dial tcp error: dial tcp 198.18.0.20:8080: connectex: A connection attempt failed because the connected party did not properly respond after a period of time, or established connection failed because connected host has failed to respond.
[2025-09-14 22:22:35] [[31mERROR[0m]: Lgr -> [client.(*QQClient).unexpectedDisconnect] connect server error: dial tcp error: dial tcp 198.18.0.20:8080: connectex: A connection attempt failed because the connected party did not properly respond after a period of time, or established connection failed because connected host has failed to respond.
[2025-09-14 22:22:35] [[32mINFO[0m]: è¿æ¥å·²æ–­å¼€ï¼šconnection dropped by server.
[2025-09-14 22:22:35] [[32mINFO[0m]: æ­£åœ¨é‡è¿ï¼Œç¬¬ 1 æ¬¡å°è¯•
[2025-09-14 22:22:35] [[32mINFO[0m]: å°è¯•é‡è¿ (1/5)
[2025-09-14 22:22:45] [[32mINFO[0m]: æ­£åœ¨é‡è¿ï¼Œç¬¬ 2 æ¬¡å°è¯•
[2025-09-14 22:22:45] [[32mINFO[0m]: å°è¯•é‡è¿ (2/5)
[2025-09-14 22:22:55] [[32mINFO[0m]: æ­£åœ¨é‡è¿ï¼Œç¬¬ 3 æ¬¡å°è¯•
[2025-09-14 22:22:55] [[32mINFO[0m]: å°è¯•é‡è¿ (3/5)
[2025-09-14 22:23:05] [[32mINFO[0m]: æ­£åœ¨é‡è¿ï¼Œç¬¬ 4 æ¬¡å°è¯•
[2025-09-14 22:23:05] [[32mINFO[0m]: å°è¯•é‡è¿ (4/5)
[2025-09-14 22:23:15] [[32mINFO[0m]: æ­£åœ¨é‡è¿ï¼Œç¬¬ 5 æ¬¡å°è¯•
[2025-09-14 22:23:15] [[32mINFO[0m]: å°è¯•é‡è¿ (5/5)
[2025-09-14 22:23:25] [[31mERROR[0m]: é‡è¿å¤±è´¥ï¼Œå·²è¾¾åˆ°æœ€å¤§å°è¯•æ¬¡æ•° 5
[2025-09-14 22:24:31] [[32mINFO[0m]: ç­¾åæ–‡ä»¶ä¿å­˜æˆåŠŸ
[2025-09-14 22:24:36] [[32mINFO[0m]: ç­¾åæ–‡ä»¶åŠ è½½æˆåŠŸ
[2025-09-14 22:24:36] [[32mINFO[0m]: å°è¯•ä½¿ç”¨ å¿«é€Ÿç™»å½• ç™»å½•
[2025-09-14 22:24:36] [[32mINFO[0m]: Lgr -> connect to server: 157.148.54.249:8080
[2025-09-14 22:24:36] [[32mINFO[0m]: ä½¿ç”¨ å¿«é€Ÿç™»å½• ç™»å½•æˆåŠŸ
[2025-09-14 22:24:36] [[32mINFO[0m]: è¿æ¥å·²å»ºç«‹
[2025-09-14 22:24:36] [[32mINFO[0m]: è‡ªå®šä¹‰é€»è¾‘æ³¨å†Œå®Œæˆ
[2025-09-14 22:31:40] [[32mINFO[0m]: ç­¾åæ–‡ä»¶ä¿å­˜æˆåŠŸ
[2025-09-14 23:07:49] [[32mINFO[0m]: ç­¾åæ–‡ä»¶åŠ è½½æˆåŠŸ
[2025-09-14 23:07:49] [[32mINFO[0m]: å°è¯•ä½¿ç”¨ å¿«é€Ÿç™»å½• ç™»å½•
[2025-09-14 23:07:49] [[32mINFO[0m]: Lgr -> connect to server: 198.18.0.20:8080
[2025-09-14 23:07:49] [[32mINFO[0m]: ä½¿ç”¨ å¿«é€Ÿç™»å½• ç™»å½•æˆåŠŸ
[2025-09-14 23:07:49] [[32mINFO[0m]: è¿æ¥å·²å»ºç«‹
[2025-09-14 23:07:49] [[32mINFO[0m]: è‡ªå®šä¹‰é€»è¾‘æ³¨å†Œå®Œæˆ
[2025-09-14 23:08:02] [[31mERROR[0m]: Lgr -> [client.(*EventHandle[...]).dispatch.func1] event error: runtime error: invalid memory address or nil pointer dereference
goroutine 56 [running]:
runtime/debug.Stack()
	D:/Software/Go/src/runtime/debug/stack.go:26 +0x5e
github.com/LagrangeDev/LagrangeGo/client.(*EventHandle[...]).dispatch.func1()
	C:/Users/vintc/go/pkg/mod/github.com/!lagrange!dev/!lagrange!go@v0.1.4/client/event.go:34 +0x65
panic({0x7ff628967660?, 0x7ff628d8eea0?})
	D:/Software/Go/src/runtime/panic.go:783 +0x132
github.com/vintcessun/WE-Assistant/logic.(*Router).Handle(0xc0000de870, 0xc000390f90)
	C:/Users/vintc/Desktop/go/WE-Assistant/logic/router.go:253 +0x33d
github.com/vintcessun/WE-Assistant/logic.(*LogicManager).processMessage(0xc000008fd8, 0xc000390f90)
	C:/Users/vintc/Desktop/go/WE-Assistant/logic/logic.go:113 +0x38
github.com/vintcessun/WE-Assistant/logic.(*LogicManager).SetupEventListeners.func2(0xc0000be308, 0xc000156370)
	C:/Users/vintc/Desktop/go/WE-Assistant/logic/logic.go:97 +0xae
github.com/LagrangeDev/LagrangeGo/client.(*EventHandle[...]).dispatch(0xc000156370?, 0xc0000be308?, 0xc000156370)
	C:/Users/vintc/go/pkg/mod/github.com/!lagrange!dev/!lagrange!go@v0.1.4/client/event.go:38 +0xc3
github.com/LagrangeDev/LagrangeGo/client.decodeOlPushServicePacket(0xc0000be308, 0xc000112280)
	C:/Users/vintc/go/pkg/mod/github.com/!lagrange!dev/!lagrange!go@v0.1.4/client/listener.go:55 +0xf70
github.com/LagrangeDev/LagrangeGo/client.(*QQClient).netLoop.func2(0xc000112280)
	C:/Users/vintc/go/pkg/mod/github.com/!lagrange!dev/!lagrange!go@v0.1.4/client/network.go:411 +0x150
created by github.com/LagrangeDev/LagrangeGo/client.(*QQClient).netLoop in goroutine 50
	C:/Users/vintc/go/pkg/mod/github.com/!lagrange!dev/!lagrange!go@v0.1.4/client/network.go:396 +0x4a6

[2025-09-14 23:08:32] [[32mINFO[0m]: ç­¾åæ–‡ä»¶ä¿å­˜æˆåŠŸ
[2025-09-14 23:09:08] [[32mINFO[0m]: ç­¾åæ–‡ä»¶åŠ è½½æˆåŠŸ
[2025-09-14 23:09:08] [[32mINFO[0m]: å°è¯•ä½¿ç”¨ å¿«é€Ÿç™»å½• ç™»å½•
[2025-09-14 23:09:08] [[32mINFO[0m]: Lgr -> connect to server: 198.18.0.20:8080
[2025-09-14 23:09:08] [[32mINFO[0m]: ä½¿ç”¨ å¿«é€Ÿç™»å½• ç™»å½•æˆåŠŸ
[2025-09-14 23:09:08] [[32mINFO[0m]: è¿æ¥å·²å»ºç«‹
[2025-09-14 23:09:08] [[32mINFO[0m]: è‡ªå®šä¹‰é€»è¾‘æ³¨å†Œå®Œæˆ
[2025-09-14 23:14:21] [[32mINFO[0m]: ç­¾åæ–‡ä»¶ä¿å­˜æˆåŠŸ
[2025-09-14 23:14:24] [[32mINFO[0m]: ç­¾åæ–‡ä»¶åŠ è½½æˆåŠŸ
[2025-09-14 23:14:24] [[32mINFO[0m]: å°è¯•ä½¿ç”¨ å¿«é€Ÿç™»å½• ç™»å½•
[2025-09-14 23:14:24] [[32mINFO[0m]: Lgr -> connect to server: 198.18.0.20:8080
[2025-09-14 23:14:24] [[32mINFO[0m]: ä½¿ç”¨ å¿«é€Ÿç™»å½• ç™»å½•æˆåŠŸ
[2025-09-14 23:14:24] [[32mINFO[0m]: è¿æ¥å·²å»ºç«‹
[2025-09-14 23:14:24] [[32mINFO[0m]: è‡ªå®šä¹‰é€»è¾‘æ³¨å†Œå®Œæˆ
[2025-09-14 23:14:30] [[32mINFO[0m]: æ”¶åˆ°ç§èŠæ¶ˆæ¯: &{%!s(uint32=42489) %!s(uint32=1749277018) %!s(uint32=0) %!s(uint32=3916030049) %!s(uint32=2218870695) %!s(uint32=1757862870) %!s(*message.Sender=&{2218870695 u_AggEXOTRJoz-qNUNNpQMyw æ’æ˜Ÿ  true}) [%!s(*message.TextElement=&{111})]}
[2025-09-14 23:14:50] [[32mINFO[0m]: ç­¾åæ–‡ä»¶ä¿å­˜æˆåŠŸ
[2025-09-14 23:14:54] [[32mINFO[0m]: ç­¾åæ–‡ä»¶åŠ è½½æˆåŠŸ
[2025-09-14 23:14:54] [[32mINFO[0m]: å°è¯•ä½¿ç”¨ å¿«é€Ÿç™»å½• ç™»å½•
[2025-09-14 23:14:54] [[32mINFO[0m]: Lgr -> connect to server: 198.18.0.20:8080
[2025-09-14 23:14:54] [[32mINFO[0m]: ä½¿ç”¨ å¿«é€Ÿç™»å½• ç™»å½•æˆåŠŸ
[2025-09-14 23:14:54] [[32mINFO[0m]: è¿æ¥å·²å»ºç«‹
[2025-09-14 23:14:54] [[32mINFO[0m]: è‡ªå®šä¹‰é€»è¾‘æ³¨å†Œå®Œæˆ
[2025-09-14 23:14:56] [[32mINFO[0m]: æ”¶åˆ°ç§èŠæ¶ˆæ¯: 111
[2025-09-14 23:15:02] [[32mINFO[0m]: æ”¶åˆ°ç§èŠæ¶ˆæ¯: [å›¾ç‰‡]
[2025-09-14 23:25:46] [[32mINFO[0m]: ç­¾åæ–‡ä»¶ä¿å­˜æˆåŠŸ
[2025-09-14 23:25:50] [[32mINFO[0m]: ç­¾åæ–‡ä»¶åŠ è½½æˆåŠŸ
[2025-09-14 23:25:50] [[32mINFO[0m]: å°è¯•ä½¿ç”¨ å¿«é€Ÿç™»å½• ç™»å½•
[2025-09-14 23:25:50] [[32mINFO[0m]: Lgr -> connect to server: 198.18.0.20:8080
[2025-09-14 23:25:50] [[32mINFO[0m]: ä½¿ç”¨ å¿«é€Ÿç™»å½• ç™»å½•æˆåŠŸ
[2025-09-14 23:25:50] [[32mINFO[0m]: è¿æ¥å·²å»ºç«‹
[2025-09-14 23:25:50] [[32mINFO[0m]: è‡ªå®šä¹‰é€»è¾‘æ³¨å†Œå®Œæˆ
[2025-09-14 23:25:54] [[32mINFO[0m]: æ”¶åˆ°ç¾¤èŠæ¶ˆæ¯:
{
  "type": "group",
  "sender": "ä¸»äºº",
  "sender_id": 2218870695,
  "group_id": 536405397,
  "time": "2025-09-14 23:25:53",
  "elements": [
    {
      "type": "text",
      "content": "111"
    }
  ],
  "summary": "111"
}
[2025-09-14 23:28:18] [[32mINFO[0m]: ç­¾åæ–‡ä»¶ä¿å­˜æˆåŠŸ
[2025-09-14 23:28:22] [[32mINFO[0m]: ç­¾åæ–‡ä»¶åŠ è½½æˆåŠŸ
[2025-09-14 23:28:22] [[32mINFO[0m]: å°è¯•ä½¿ç”¨ å¿«é€Ÿç™»å½• ç™»å½•
[2025-09-14 23:28:22] [[32mINFO[0m]: Lgr -> connect to server: 198.18.0.20:8080
[2025-09-14 23:28:22] [[32mINFO[0m]: ä½¿ç”¨ å¿«é€Ÿç™»å½• ç™»å½•æˆåŠŸ
[2025-09-14 23:28:22] [[32mINFO[0m]: è¿æ¥å·²å»ºç«‹
[2025-09-14 23:28:22] [[32mINFO[0m]: è‡ªå®šä¹‰é€»è¾‘æ³¨å†Œå®Œæˆ
[2025-09-14 23:28:23] [[32mINFO[0m]: æ”¶åˆ°ç¾¤èŠæ¶ˆæ¯:
{"type":"group","sender":"ä¸»äºº","sender_id":2218870695,"group_id":536405397,"time":"2025-09-14 23:28:23","elements":[{"type":"text","content":"111"}],"summary":"111"}
[2025-09-14 23:28:30] [[32mINFO[0m]: æ”¶åˆ°ç§èŠæ¶ˆæ¯:
{"type":"private","sender":"æ’æ˜Ÿ","sender_id":2218870695,"time":"2025-09-14 23:28:29","elements":[{"type":"text","content":"7363"}],"summary":"7363"}
[2025-09-14 23:29:16] [[32mINFO[0m]: ç­¾åæ–‡ä»¶ä¿å­˜æˆåŠŸ
[2025-09-14 23:29:20] [[32mINFO[0m]: ç­¾åæ–‡ä»¶åŠ è½½æˆåŠŸ
[2025-09-14 23:29:20] [[32mINFO[0m]: å°è¯•ä½¿ç”¨ å¿«é€Ÿç™»å½• ç™»å½•
[2025-09-14 23:29:20] [[32mINFO[0m]: Lgr -> connect to server: 198.18.0.20:8080
[2025-09-14 23:29:20] [[32mINFO[0m]: ä½¿ç”¨ å¿«é€Ÿç™»å½• ç™»å½•æˆåŠŸ
[2025-09-14 23:29:20] [[32mINFO[0m]: è¿æ¥å·²å»ºç«‹
[2025-09-14 23:29:20] [[32mINFO[0m]: è‡ªå®šä¹‰é€»è¾‘æ³¨å†Œå®Œæˆ
[2025-09-14 23:29:23] [[32mINFO[0m]: æ”¶åˆ°ç§èŠæ¶ˆæ¯:{"type":"private","sender":"æ’æ˜Ÿ","sender_id":2218870695,"elements":[{"type":"text","content":"2763"}],"summary":"2763"}
[2025-09-14 23:29:28] [[32mINFO[0m]: æ”¶åˆ°ç¾¤èŠæ¶ˆæ¯:{"type":"group","sender":"ä¸»äºº","sender_id":2218870695,"group_id":536405397,"elements":[{"type":"text","content":"111"}],"summary":"111"}
